<?xml version="1.0" encoding="UTF-8"?>
<!-- Generated by org.testng.reporters.JUnitReportReporter -->
<testsuite hostname="DPC0FKY8H" name="TestCases.seIFSimpleFormPageMessageTest" tests="2" failures="0" timestamp="1 Apr 2019 06:57:00 GMT" time="4.384" errors="0">
  <testcase name="VerifyShowMessage" time="0.471" classname="TestCases.seIFSimpleFormPageMessageTest"/>
  <testcase name="VerifyShowMessage" time="3.913" classname="TestCases.seIFSimpleFormPageMessageTest"/>
</testsuite> <!-- TestCases.seIFSimpleFormPageMessageTest -->
