<?xml version="1.0" encoding="UTF-8"?>
<!-- Generated by org.testng.reporters.JUnitReportReporter -->
<testsuite hostname="DPC0FKY8H" name="com.mw.test.getTest" tests="1" failures="0" timestamp="21 May 2019 13:08:25 GMT" time="1.400" errors="0">
  <testcase name="getApiTest" time="1.400" classname="com.mw.test.getTest"/>
</testsuite> <!-- com.mw.test.getTest -->
